0 info it worked if it ends with ok
1 verbose cli [ 'C:\\Program Files\\nodejs\\node.exe',
1 verbose cli   'C:\\Program Files\\nodejs\\node_modules\\npm\\bin\\npm-cli.js',
1 verbose cli   'install',
1 verbose cli   '-g',
1 verbose cli   'bower' ]
2 info using npm@3.10.3
3 info using node@v6.3.1
4 silly loadCurrentTree Starting
5 silly install loadCurrentTree
6 silly install readGlobalPackageData
7 silly fetchPackageMetaData bower
8 silly fetchNamedPackageData bower
9 silly mapToRegistry name bower
10 silly mapToRegistry using default registry
11 silly mapToRegistry registry https://registry.npms.org/
12 silly mapToRegistry data Result {
12 silly mapToRegistry   raw: 'bower',
12 silly mapToRegistry   scope: null,
12 silly mapToRegistry   escapedName: 'bower',
12 silly mapToRegistry   name: 'bower',
12 silly mapToRegistry   rawSpec: '',
12 silly mapToRegistry   spec: 'latest',
12 silly mapToRegistry   type: 'tag' }
13 silly mapToRegistry uri https://registry.npms.org/bower
14 verbose request uri https://registry.npms.org/bower
15 verbose request no auth needed
16 info attempt registry request try #1 at 15:56:05
17 verbose request id 23a7634542a9fe4c
18 http request GET https://registry.npms.org/bower
19 info retry will retry, error on last attempt: Error: tunneling socket could not be established, cause=connect ETIMEDOUT fd7f:63a3:61e3:7777::a4d:fe01:8080
20 info attempt registry request try #2 at 15:56:36
21 http request GET https://registry.npms.org/bower
22 info retry will retry, error on last attempt: Error: tunneling socket could not be established, cause=connect ETIMEDOUT fd7f:63a3:61e3:7777::a4d:fe01:8080
23 info attempt registry request try #3 at 15:57:57
24 http request GET https://registry.npms.org/bower
25 silly fetchPackageMetaData Error: tunneling socket could not be established, cause=connect ETIMEDOUT fd7f:63a3:61e3:7777::a4d:fe01:8080
25 silly fetchPackageMetaData     at ClientRequest.onError (C:\Program Files\nodejs\node_modules\npm\node_modules\request\node_modules\tunnel-agent\index.js:176:17)
25 silly fetchPackageMetaData     at ClientRequest.g (events.js:286:16)
25 silly fetchPackageMetaData     at emitOne (events.js:96:13)
25 silly fetchPackageMetaData     at ClientRequest.emit (events.js:188:7)
25 silly fetchPackageMetaData     at Socket.socketErrorListener (_http_client.js:308:9)
25 silly fetchPackageMetaData     at emitOne (events.js:96:13)
25 silly fetchPackageMetaData     at Socket.emit (events.js:188:7)
25 silly fetchPackageMetaData     at emitErrorNT (net.js:1271:8)
25 silly fetchPackageMetaData     at _combinedTickCallback (internal/process/next_tick.js:74:11)
25 silly fetchPackageMetaData     at process._tickCallback (internal/process/next_tick.js:98:9)
25 silly fetchPackageMetaData  error for bower { Error: tunneling socket could not be established, cause=connect ETIMEDOUT fd7f:63a3:61e3:7777::a4d:fe01:8080
25 silly fetchPackageMetaData     at ClientRequest.onError (C:\Program Files\nodejs\node_modules\npm\node_modules\request\node_modules\tunnel-agent\index.js:176:17)
25 silly fetchPackageMetaData     at ClientRequest.g (events.js:286:16)
25 silly fetchPackageMetaData     at emitOne (events.js:96:13)
25 silly fetchPackageMetaData     at ClientRequest.emit (events.js:188:7)
25 silly fetchPackageMetaData     at Socket.socketErrorListener (_http_client.js:308:9)
25 silly fetchPackageMetaData     at emitOne (events.js:96:13)
25 silly fetchPackageMetaData     at Socket.emit (events.js:188:7)
25 silly fetchPackageMetaData     at emitErrorNT (net.js:1271:8)
25 silly fetchPackageMetaData     at _combinedTickCallback (internal/process/next_tick.js:74:11)
25 silly fetchPackageMetaData     at process._tickCallback (internal/process/next_tick.js:98:9) code: 'ECONNRESET' }
26 silly rollbackFailedOptional Starting
27 silly rollbackFailedOptional Finishing
28 silly runTopLevelLifecycles Starting
29 silly runTopLevelLifecycles Finishing
30 silly install printInstalled
31 verbose stack Error: tunneling socket could not be established, cause=connect ETIMEDOUT fd7f:63a3:61e3:7777::a4d:fe01:8080
31 verbose stack     at ClientRequest.onError (C:\Program Files\nodejs\node_modules\npm\node_modules\request\node_modules\tunnel-agent\index.js:176:17)
31 verbose stack     at ClientRequest.g (events.js:286:16)
31 verbose stack     at emitOne (events.js:96:13)
31 verbose stack     at ClientRequest.emit (events.js:188:7)
31 verbose stack     at Socket.socketErrorListener (_http_client.js:308:9)
31 verbose stack     at emitOne (events.js:96:13)
31 verbose stack     at Socket.emit (events.js:188:7)
31 verbose stack     at emitErrorNT (net.js:1271:8)
31 verbose stack     at _combinedTickCallback (internal/process/next_tick.js:74:11)
31 verbose stack     at process._tickCallback (internal/process/next_tick.js:98:9)
32 verbose cwd C:\source\irondragon
33 error Windows_NT 6.3.9600
34 error argv "C:\\Program Files\\nodejs\\node.exe" "C:\\Program Files\\nodejs\\node_modules\\npm\\bin\\npm-cli.js" "install" "-g" "bower"
35 error node v6.3.1
36 error npm  v3.10.3
37 error code ECONNRESET
38 error network tunneling socket could not be established, cause=connect ETIMEDOUT fd7f:63a3:61e3:7777::a4d:fe01:8080
39 error network This is most likely not a problem with npm itself
39 error network and is related to network connectivity.
39 error network In most cases you are behind a proxy or have bad network settings.
39 error network
39 error network If you are behind a proxy, please make sure that the
39 error network 'proxy' config is set properly.  See: 'npm help config'
40 verbose exit [ 1, true ]
